Drill report for bluekeeb.kicad_pcb
Created on 2025-12-20T11:04:18-0800

Copper Layer Stackup:
    =============================================================
    L1 :  F.Cu                      front
    L2 :  B.Cu                      back


Drill file 'bluekeeb-PTH.drl' contains
    plated through holes:
    =============================================================
    T1  0.300mm  0.0118"  (76 holes)
    T2  1.000mm  0.0394"  (10 holes)
    T3  1.500mm  0.0591"  (4 holes)  (with 4 slots)
    T4  2.500mm  0.0984"  (4 holes)
    T5  3.000mm  0.1181"  (120 holes)

    Total plated holes count 214


Drill file 'bluekeeb-NPTH.drl' contains
    unplated through holes:
    =============================================================
    T1  0.500mm  0.0197"  (72 holes)
    T2  1.700mm  0.0669"  (120 holes)
    T3  2.200mm  0.0866"  (6 holes)
    T4  3.400mm  0.1339"  (60 holes)

    Total unplated holes count 258
